<?xml version="1.0" encoding="UTF-8"?>
<!-- Generated by org.testng.reporters.JUnitXMLReporter -->
<testsuite ignored="0" hostname="DESKTOP-PLMQM3A" failures="0" tests="3" name="Test" time="0.066" errors="0" timestamp="2021-01-26T17:31:35 IST">
  <testcase classname="com.orange.qa.testcases.tryParameter" name="test1" time="0.007"/>
  <testcase classname="com.orange.qa.testcases.tryParameter" name="test2" time="0.001"/>
  <testcase classname="com.orange.qa.testcases.tryParameter" name="test3" time="0.001"/>
</testsuite> <!-- Test -->
