<?xml version="1.0" encoding="UTF-8"?>
<testsuite xmlns:xsi="http://www.w3.org/2001/XMLSchema-instance" xsi:noNamespaceSchemaLocation="https://maven.apache.org/surefire/maven-surefire-plugin/xsd/surefire-test-report.xsd" name="TestSuite" time="34.596" tests="2" errors="0" skipped="0" failures="0">
  <properties>
[...]
</properties>
  <testcase name="verifyAdminPageLabel" classname="com.orange.qa.testcases.AdminPageTest" time="0.058"/>
  <testcase name="selectSingleUserTest" classname="com.orange.qa.testcases.AdminPageTest" time="0.248"/>
</testsuite>