<?xml version="1.0" encoding="UTF-8"?>
<testng-results skipped="0" failed="0" total="2" passed="2">
  <reporter-output>
  </reporter-output>
  <suite name="Suite" duration-ms="33398" started-at="2021-02-09T06:16:55Z" finished-at="2021-02-09T06:17:29Z">
    <groups>
    </groups>
    <test name="Test" duration-ms="33398" started-at="2021-02-09T06:16:55Z" finished-at="2021-02-09T06:17:29Z">
      <class name="com.orange.qa.testcases.AdminPageTest">
        <test-method status="PASS" signature="setUp()[pri:0, instance:com.orange.qa.testcases.AdminPageTest@351d0846]" name="setUp" is-config="true" duration-ms="19137" started-at="2021-02-09T11:46:55Z" finished-at="2021-02-09T11:47:14Z">
          <reporter-output>
          </reporter-output>
        </test-method> <!-- setUp -->
        <test-method status="PASS" signature="verifyAdminPageLabel()[pri:1, instance:com.orange.qa.testcases.AdminPageTest@351d0846]" name="verifyAdminPageLabel" duration-ms="58" started-at="2021-02-09T11:47:14Z" finished-at="2021-02-09T11:47:14Z">
          <reporter-output>
          </reporter-output>
        </test-method> <!-- verifyAdminPageLabel -->
        <test-method status="PASS" signature="teardown()[pri:0, instance:com.orange.qa.testcases.AdminPageTest@351d0846]" name="teardown" is-config="true" duration-ms="1814" started-at="2021-02-09T11:47:14Z" finished-at="2021-02-09T11:47:16Z">
          <reporter-output>
          </reporter-output>
        </test-method> <!-- teardown -->
        <test-method status="PASS" signature="setUp()[pri:0, instance:com.orange.qa.testcases.AdminPageTest@351d0846]" name="setUp" is-config="true" duration-ms="9531" started-at="2021-02-09T11:47:16Z" finished-at="2021-02-09T11:47:26Z">
          <reporter-output>
          </reporter-output>
        </test-method> <!-- setUp -->
        <test-method status="PASS" signature="selectSingleUserTest()[pri:2, instance:com.orange.qa.testcases.AdminPageTest@351d0846]" name="selectSingleUserTest" duration-ms="247" started-at="2021-02-09T11:47:26Z" finished-at="2021-02-09T11:47:26Z">
          <reporter-output>
          </reporter-output>
        </test-method> <!-- selectSingleUserTest -->
        <test-method status="PASS" signature="teardown()[pri:0, instance:com.orange.qa.testcases.AdminPageTest@351d0846]" name="teardown" is-config="true" duration-ms="2593" started-at="2021-02-09T11:47:26Z" finished-at="2021-02-09T11:47:29Z">
          <reporter-output>
          </reporter-output>
        </test-method> <!-- teardown -->
      </class> <!-- com.orange.qa.testcases.AdminPageTest -->
    </test> <!-- Test -->
  </suite> <!-- Suite -->
</testng-results>
