<?xml version="1.0" encoding="UTF-8"?>
<testng-results ignored="0" total="3" passed="3" failed="0" skipped="0">
  <reporter-output>
  </reporter-output>
  <suite started-at="2021-01-26T17:31:35 IST" name="Suite" finished-at="2021-01-26T17:31:35 IST" duration-ms="66">
    <groups>
    </groups>
    <test started-at="2021-01-26T17:31:35 IST" name="Test" finished-at="2021-01-26T17:31:35 IST" duration-ms="66">
      <class name="com.orange.qa.testcases.tryParameter">
        <test-method signature="test1()[pri:1, instance:com.orange.qa.testcases.tryParameter@cad498c]" started-at="2021-01-26T17:31:35 IST" name="test1" finished-at="2021-01-26T17:31:35 IST" duration-ms="7" status="PASS">
          <reporter-output>
          </reporter-output>
        </test-method> <!-- test1 -->
        <test-method signature="test2()[pri:1, instance:com.orange.qa.testcases.tryParameter@cad498c]" started-at="2021-01-26T17:31:35 IST" name="test2" finished-at="2021-01-26T17:31:35 IST" duration-ms="1" status="PASS">
          <reporter-output>
          </reporter-output>
        </test-method> <!-- test2 -->
        <test-method signature="test3()[pri:1, instance:com.orange.qa.testcases.tryParameter@cad498c]" started-at="2021-01-26T17:31:35 IST" name="test3" finished-at="2021-01-26T17:31:35 IST" duration-ms="1" status="PASS">
          <reporter-output>
          </reporter-output>
        </test-method> <!-- test3 -->
      </class> <!-- com.orange.qa.testcases.tryParameter -->
    </test> <!-- Test -->
  </suite> <!-- Suite -->
</testng-results>
