<?xml version="1.0" encoding="UTF-8"?>
<!-- Generated by org.testng.reporters.JUnitXMLReporter -->
<testsuite hostname="DESKTOP-PLMQM3A" name="Orange HRM App Test Cases" tests="15" failures="0" timestamp="19 Jul 2019 09:33:06 GMT" time="137.232" errors="0">
  <testcase name="loginpageTitleTest" time="0.037" classname="com.orange.qa.testcases.LoginPageTest"/>
  <testcase name="hrmLogoImageTest" time="0.099" classname="com.orange.qa.testcases.LoginPageTest"/>
  <testcase name="loginTest" time="5.708" classname="com.orange.qa.testcases.LoginPageTest"/>
  <testcase name="verifyUserNameTest" time="0.056" classname="com.orange.qa.testcases.HomePageTest"/>
  <testcase name="verifyUserLogOutTest" time="0.138" classname="com.orange.qa.testcases.HomePageTest"/>
  <testcase name="verifyAdminLinkTest" time="2.227" classname="com.orange.qa.testcases.HomePageTest"/>
  <testcase name="verifyUserLogOut" time="5.889" classname="com.orange.qa.testcases.HomePageTest"/>
  <testcase name="verifyAdminPageLabel" time="0.036" classname="com.orange.qa.testcases.AdminPageTest"/>
  <testcase name="selectSingleUserTest" time="0.079" classname="com.orange.qa.testcases.AdminPageTest"/>
  <testcase name="validateCreateNewUser" time="2.626" classname="com.orange.qa.testcases.AdminPageTest"/>
  <testcase name="validateCreateNewUser" time="1.442" classname="com.orange.qa.testcases.AdminPageTest"/>
  <testcase name="validateCreateNewUser" time="1.534" classname="com.orange.qa.testcases.AdminPageTest"/>
  <testcase name="validateCreateNewUser" time="1.513" classname="com.orange.qa.testcases.AdminPageTest"/>
  <testcase name="validateCreateNewUser" time="1.598" classname="com.orange.qa.testcases.AdminPageTest"/>
  <testcase name="validateCreateNewUser" time="1.66" classname="com.orange.qa.testcases.AdminPageTest"/>
</testsuite> <!-- Orange HRM App Test Cases -->
